Case #1: [E, A]
Case #2: [R, I, R]
Case #3: [F, D, T]
Case #4: [Z, E, R, A]
Case #5: []
Case #6: [W]
Case #7: [N, A, N, A, N, A, N, A, N, A, N, A, N, A, N, A, N, A, N, A, N, A, N, A, N, A, N, A, N, A, N, A, N, A, N, A, N, A, N, B, A, A, T, M, A, N]
Case #8: [F]
Case #9: [L, U, D, G, G]
Case #10: [E, D]
Case #11: [A, W, A, R, E, N, E, S, S]
Case #12: [C, C, B, Z, Y, P, C, B, Z, P, M, Z, P, G, Z, Y, L, G, J, C, G, I, I, I, J, L, J, O, P, C, L, C, I, G, U, J, P, X, I, C, I, C, J, P, I, J, I, B, Z, A]
Case #13: [F]
Case #14: [H, K]
Case #15: [Q, Q, W, E, R, G, D, F, S]
Case #16: [G, H]
Case #17: [Z, K, K, K, X, H, I, D]
Case #18: [W]
Case #19: [U, Z]
Case #20: [F]
Case #21: [N, H, W]
Case #22: [L, X, O, K, L, A]
Case #23: [W, V, M, U, K, X, C, L, U, A, M, I, H, H, P, T, O, V, B, I, O]
Case #24: []
Case #25: []
Case #26: [P, P, M, F, N, V, T, G, M, T, G]
Case #27: [H, G, U, G, J, T]
Case #28: [R, Q, M, M, O]
Case #29: [B, C, U, C]
Case #30: []
Case #31: []
Case #32: [D]
Case #33: [N, H, H, Y, V, X, W, K, O, A]
Case #34: [X]
Case #35: []
Case #36: [X]
Case #37: [O, F]
Case #38: [K, S, C, C, O, O, Q, R, L, F, O, C, W, G, D, C, S, T, R, C, K, I, I, K, B, P, E, T, H, J, N, I, P, O, R, F, B, W, G, Q, K, O, G, L, W, N, R, Y, A, H]
Case #39: [Z, Z, Z, Z, Z, Z, Z, Z, Z, Z, Z, Z, Z, Z, Z, Z, Z, Z, Z, Z, Z, Z, Z, Z, Z, Z, Z, Z, Z, Z, Z, Z, Z, Z, Z, Z, Z, Z, Z, Z, Z, Z, Z, Z, Z, Z, Z, D]
Case #40: [G, Z, E, B, Q, L, P, E]
Case #41: [I, L, G, B, M, K, K]
Case #42: [F, I, K, K, I]
Case #43: [O, S]
Case #44: [D, R, P, P, S]
Case #45: [S]
Case #46: []
Case #47: [X, M, V, I, N, B, D, B, F, L, K, A, N, O, U, J, L, I, W, R, X, M, M, I, H, P, X, K, X, Y, H, Z, X, W, P, X, N, Y, X, U, U, T, V, O, D, R, B, K, V, D]
Case #48: [B, S]
Case #49: [B, E, S, U, R, N, F, O, D, R, I, N, K, Y, O, U, R, O, V, A, L, T, I, N, E]
Case #50: [G, J, G, F, R, X, N, C, V, R, T, Y, Y, S, L, E, H, C, Q, C, S, V, V, O, Y, I, M, M, S, Q, L, M, B, W, I, Q, O, V, Z, Q, C, I, Y, S, K, A, G, L, M, T]
Case #51: [Z, X, H]
Case #52: [T, I, Z, Y, J, O, C, E]
Case #53: [X, L, I, J]
Case #54: [H, T, Y, L, Z, B, Z, Z, K, F, L, O, Z, Q, B, K, V, N, K]
Case #55: [Q, M, Z, Y, Q, Z]
Case #56: [Z, Z, Z, Z, Z]
Case #57: [S, M, L, U, C, V, T, L, T]
Case #58: [C, L, C, Y, U, N, Y, C, I, G, G, O, C, O, L, K, O, U, K, G, Y, P, P, X, L, P, K, U, C, M, N, O, X, X, K, X, I, V, O, N, O, O, T, V, O, A]
Case #59: []
Case #60: [Z, B, G, X, S, U, Z]
Case #61: [I, M, U, U, T, G, H, U, T, K, C, U, L, V, N, O, N, M, I, Z, C, C, G, O, Z, Q, K, T, L, U, V, P, U, J, X, V, N, Z, N, I, L, J, P, D, M, G, Z, V, Y]
Case #62: [I, L]
Case #63: [W, H, I, C, H, S, E, A, T, S, H, O, U, L, D, I, T, A, A, A, A, A, A, A, A, A, A, A, A, A, A, A, A, A, A, A, A, A, A, A, A, A, A, A, A, A, A, A, A, A, A, A, A, A, A, A, A, A, A, A, A, A, K, A, E]
Case #64: [S]
Case #65: [Y, O, O]
Case #66: [N, B, V, O, O, Y, R]
Case #67: []
Case #68: []
Case #69: []
Case #70: [H, L, O, T, Z, C, K, W, D, N, S, L, H, C, O, P, U, G, A, H, F, K, N, V, N, P, G, V, R, S, F, L, Y, E, Y, W, Q, K, U, U, Z, L, H, V, W, V, M, U, Y]
Case #71: [I, B]
Case #72: [F, A]
Case #73: [C]
Case #74: [A, J, J, X, G, H]
Case #75: [S]
Case #76: [A, A, A, A, A, A, A, A, A, A]
Case #77: [T, H, E, C, A, K, I, E, S, A, L, I, E]
Case #78: [Y, Y]
Case #79: [Z, V, J, B]
Case #80: []
Case #81: []
Case #82: [O, M, I, T]
Case #83: [V, N, Z, H]
Case #84: [E, D]
Case #85: [I, J, R]
Case #86: [Q]
Case #87: []
Case #88: [F, R, I, D, A, Y, F, R, I, D, A, Y, G, O, T, T, A, G, E, T, D, O, W, N, O, N, F, R, I, D, A, Y]
Case #89: [D, E, A, F, D, E, A, R, S]
Case #90: []
Case #91: [C]
Case #92: [F]
Case #93: [O, T, B, F]
Case #94: [F, N, P, V, N, Z, U, M, M, N, A]
Case #95: [W]
Case #96: [D]
Case #97: [C, D, Z, U, G, O, P, U, R, O, X, X, I, J]
Case #98: []
Case #99: []
Case #100: [T, H, Y, M, L, J, L]
