Case #1: [E, A]
Case #2: [R, I, R]
Case #3: [F, D, T]
Case #4: [Z, E, R, A]
Case #5: []
Case #6: [O, W]
Case #7: []
Case #8: [Q, Q, S, A, A, G, F, W, W]
Case #9: [D, Q]
Case #10: [I, Q, W, F]
Case #11: [F, F, X, S, Q]
Case #12: [D, E, A, F, D, E, A, R, S]
Case #13: [F, Q, E, W, Q]
Case #14: [E, S, R, S, A, W, A, T, Q]
Case #15: [Q, Q, W, E, R, G, D, F, S]
Case #16: [D, R, P, P, S]
Case #17: []
Case #18: [D, A, A, E, W, W, F, M, Q]
Case #19: [Q, F, A, S, D, Y]
Case #20: [A, T, T, A, S, Q, F, S]
Case #21: [Y, W, F, R, F, R, W, D, R]
Case #22: [S, D, Q, S, F, R, U, S, W]
Case #23: [W, R, U, E, A, E, A, W, A]
Case #24: [Q]
Case #25: [R, R, X, Q, Q, W]
Case #26: [R]
Case #27: [E, R, R, S]
Case #28: [S, E, E, E, B, R]
Case #29: [A, F, A, R, E, Q, F, X, E]
Case #30: [Q, E]
Case #31: [R, E, D, S, W, Z, D, F, A]
Case #32: [E, D]
Case #33: [D, X, D, Q, E, Q, E, S, F]
Case #34: []
Case #35: [W, J, J, S, D, F, S, E]
Case #36: [W, R, P, W, E, R]
Case #37: [E, S, R, E, R, R, L, L]
Case #38: [D, R]
Case #39: [A, W, D, Q, A, D, T, D, D]
Case #40: [Q, W]
Case #41: [W, W, N, F, R, N, Q, W]
Case #42: [D, F, C, W, Q, S, S]
Case #43: []
Case #44: []
Case #45: [A, A, A, A, A, A, A, A, A, A]
Case #46: [Q, E, E, D, T, R, S, R, Q]
Case #47: [S, Q, S, S, P, A, R, D, S]
Case #48: [J]
Case #49: []
Case #50: [X, F, A, Q, R, A]
Case #51: [R, F, V, F, E, A]
Case #52: [U, A, F, F, F, A, W, F, Q]
Case #53: [R, W, S, W, A, E, D, C, W]
Case #54: [F]
Case #55: [C, W, F, R, E, A, Q, S, R]
Case #56: [M, F, Q, W, W, F]
Case #57: []
Case #58: [A, F, D, A, F, F, X, F, Q]
Case #59: [E, R, F, D, K, W, Q, F, R]
Case #60: [D, Q, D, A, D, U, S, U]
Case #61: [Q, E, X, W, R, F, Q, W, Q]
Case #62: [W, T, S, S, D, A, W, W, D]
Case #63: []
Case #64: [E, L, A, R, S, R, S, S, A]
Case #65: []
Case #66: [U, R, A, A, F, D, D, D, F]
Case #67: [F, D, J, F, Q, D, R, R, E]
Case #68: [R, E]
Case #69: [A, O, D, E, S, D, A, D, F]
Case #70: [F, S, R, Q, S, N, N, Q]
Case #71: [Q, B, D, E, F, B, W, E]
Case #72: [S, A, D, S]
Case #73: [D, E, F, S, E, Q, V, R, D]
Case #74: []
Case #75: [D, R, P, A, Q, R, F, D, S]
Case #76: [F, W, Q]
Case #77: [D, R, S, A, R, Q, D, S]
Case #78: [W, D, D, S, J, S, Q, W, A]
Case #79: [F, D, D, Q, E, X, R, S, E]
Case #80: [Q, R, Q, X]
Case #81: [W, F, D]
Case #82: [S, W]
Case #83: [U, S, D, D, F, A, F, S, D]
Case #84: [E, E, W, D, F]
Case #85: [A, A, E, D, F, S, A, V, A]
Case #86: [S, W, Z, S, D, S, D, W, W]
Case #87: [E, Z, Z, E, D, W, R, S]
Case #88: [F, D, R, E, R, D, W, N, F]
Case #89: [E, E, S, R, E, R, N, W, F]
Case #90: [F, F, F]
Case #91: [Y, A, Y, W, W, Q, E, E]
Case #92: [S, Q]
Case #93: [S, F]
Case #94: [R, Q, R, F, S, E, U, Q, A]
Case #95: [A, W, A, R, E, N, E, S, S]
Case #96: [B, D, E, F, A, D, F, S, R]
Case #97: [D, R, S, Q, M, A, A, S, R]
Case #98: [Z, Z, Z, Z, Z]
Case #99: [S, S, W, A, E, D, S, B, A]
Case #100: [Q, U]
