Case #1: 5
6 2
4 3
3 7
2 16
1 53
Case #2: 1
1 16
Case #3: 2
2 1
1 12
Case #4: 1
2 4
Case #5: 1
1 128
Case #6: 1
1 224
Case #7: 1
1 32
Case #8: 5
7 1
5 1
3 1
2 7
1 57
Case #9: 4
4 2
3 1
2 6
1 79
Case #10: 2
2 8
1 128
Case #11: 4
4 1
3 2
2 14
1 90
Case #12: 4
4 1
3 1
2 5
1 51
Case #13: 3
3 1
2 7
1 59
Case #14: 1
1 32
Case #15: 2
2 5
1 28
Case #16: 5
6 1
4 1
3 6
2 6
1 78
Case #17: 5
5 1
4 1
3 2
2 9
1 193
Case #18: 2
2 3
1 60
Case #19: 2
2 4
1 20
Case #20: 2
2 6
1 72
Case #21: 4
4 3
3 3
2 4
1 89
Case #22: 2
2 3
1 28
Case #23: 2
2 2
1 28
Case #24: 3
5 1
2 19
1 219
Case #25: 5
6 2
4 2
3 1
2 12
1 79
Case #26: 5
7 1
5 4
3 1
2 21
1 178
Case #27: 2
2 4
1 56
Case #28: 2
2 3
1 28
Case #29: 2
2 5
1 24
Case #30: 4
5 3
4 1
2 8
1 117
Case #31: 2
2 6
1 60
Case #32: 1
1 28
Case #33: 3
3 1
2 9
1 99
Case #34: 3
3 2
2 10
1 54
Case #35: 5
6 1
4 1
3 3
2 5
1 57
Case #36: 1
1 32
Case #37: 5
6 1
4 1
3 4
2 8
1 60
Case #38: 4
5 1
3 3
2 12
1 76
Case #39: 1
1 32
Case #40: 3
3 1
2 6
1 27
Case #41: 5
6 1
5 2
3 3
2 15
1 179
Case #42: 4
5 1
4 1
2 28
1 231
Case #43: 5
7 2
4 1
3 2
2 16
1 164
Case #44: 5
5 1
4 4
3 3
2 11
1 100
Case #45: 3
4 3
2 6
1 60
Case #46: 2
2 2
1 28
Case #47: 5
6 2
5 3
3 2
2 15
1 167
Case #48: 1
1 4
Case #49: 4
4 1
3 2
2 32
1 286
Case #50: 4
4 1
3 1
2 3
1 35
Case #51: 4
4 3
3 2
2 11
1 98
Case #52: 2
2 4
1 68
Case #53: 1
1 16
Case #54: 4
4 1
3 1
2 6
1 71
Case #55: 4
4 3
3 1
2 4
1 119
Case #56: 2
2 4
1 24
Case #57: 4
4 1
3 2
2 9
1 130
Case #58: 4
4 1
3 2
2 4
1 62
Case #59: 6
6 1
5 1
4 1
3 2
2 10
1 229
Case #60: 4
6 1
4 2
2 14
1 128
Case #61: 2
2 3
1 72
Case #62: 1
1 16
Case #63: 2
2 1
1 12
Case #64: 3
3 1
2 6
1 23
Case #65: 4
4 1
3 1
2 4
1 71
Case #66: 5
6 1
4 1
3 1
2 8
1 51
Case #67: 4
4 1
3 7
2 11
1 165
Case #68: 2
2 2
1 12
Case #69: 5
5 1
4 1
3 5
2 16
1 202
Case #70: 4
4 1
3 2
2 12
1 142
Case #71: 2
2 5
1 44
Case #72: 4
5 1
4 2
2 6
1 119
Case #73: 3
3 2
2 10
1 102
Case #74: 4
6 1
4 1
2 5
1 84
Case #75: 3
3 1
2 8
1 127
Case #76: 3
3 2
2 5
1 82
Case #77: 4
4 1
3 2
2 18
1 146
Case #78: 6
6 1
5 4
4 3
3 4
2 12
1 152
Case #79: 4
5 2
4 2
2 6
1 38
Case #80: 5
5 2
4 4
3 2
2 10
1 108
Case #81: 2
2 4
1 16
Case #82: 2
2 19
1 212
Case #83: 2
2 13
1 108
Case #84: 3
3 2
2 7
1 50
Case #85: 2
2 1
1 12
Case #86: 3
3 2
2 4
1 50
Case #87: 3
5 1
2 12
1 167
Case #88: 2
2 10
1 100
Case #89: 3
3 3
2 13
1 141
Case #90: 2
2 2
1 24
Case #91: 3
3 2
2 14
1 122
Case #92: 1
1 4
Case #93: 5
6 1
5 1
3 1
2 8
1 42
Case #94: 2
2 6
1 84
Case #95: 1
1 24
Case #96: 3
3 2
2 8
1 118
Case #97: 2
2 1
1 24
Case #98: 7
16 1
11 1
6 1
4 2
3 1
2 32
1 442
Case #99: 3
3 2
2 69
1 730
Case #100: 9
14 1
8 3
7 3
6 1
5 1
4 10
3 11
2 18
1 97
