Case #1:
a a a a
a a a a
a a a a
Case #2:
a a a a a a a a a a
a a a a a a a a a a
a a a a a a a a a a
a a a a a a a a a a
a a a a a a a a a a
b b b b b b b b b b
Case #3:
a a a
a a a
a a a
a a a
a a a
Case #4:
a a a a a a a b b
a a a a a a a b b
a a a a a a b b b
a a a a a b b b b
a a a a b b b b b
a a a b b b b b b
a a a b b b b b b
Case #5:
a a a a a
a a a a a
a a a a a
a a a a a
b a a a a
b b a a a
b b b a a
Case #6:
a a a a
a a a a
b a a a
b b a a
Case #7:
a a a
a b b
a b b
a b b
Case #8:
a a
a b
Case #9:
a a a a a a
a b b b b b
b b b b b b
b b b b b b
b b b b b b
Case #10:
a a a b b b b b
a a a b b b b b
a a a b b b b b
a a a a b b b b
a a a a a b b b
Case #11:
a a a
b a a
b b b
Case #12:
a a a
a b b
b b b
Case #13:
a a a a a a a a a
a a a a a a a a a
a a a a a a a a a
Case #14:
a a a
a a b
b b b
Case #15:
a b
a a
Case #16:
a a a a a a a
b a a a a a a
Case #17:
a
Case #18:
a a a a
a a a b
Case #19:
a a a
a a a
a a a
a a a
Case #20:
a a
a a
Case #21:
a a b b
a a b b
a a b b
a a b b
Case #22:
a a
b b
Case #23:
a a b b
a a b b
a b b b
a b b b
Case #24:
a a b b
a a b b
a a a b
a a a a
a a a a
Case #25:
a a a a
a a a a
a a b b
b b b b
Case #26:
a a b b
a a a b
a a a b
a a a a
Case #27:
a a a b b b
a a a b b b
a a a b b b
Case #28:
a a a a
b b a a
b b b b
b b b b
b b b b
Case #29:
a a b b b b b
a a b b b b b
a a b b b b b
a a b b b b b
a a b b b b b
a a b b b b b
a a a b b b b
a a a b b b b
a a a b b b b
Case #30:
a a a a a a a a a
a a a a a a a a a
a a a a a a a a a
a a a a a a a a a
a a a a a a b b b
a a a a a b b b b
a a a a b b b b b
a a a a b b b b b
Case #31:
a a a
a a a
a a a
a b b
b b b
Case #32:
a a a a a a b b b b
a a a a a a a a a a
Case #33:
a a
a a
Case #34:
a a a a a
a a a a a
a a a a a
b b b a a
b b b b a
b b b b b
b b b b b
b b b b b
b b b b b
b b b b b
Case #35:
a a a
b a a
b b a
Case #36:
a a
a a
Case #37:
a b
a b
Case #38:
a a a
a a a
a a a
b b b
b b b
b b b
Case #39:
a a a
a a b
a b b
Case #40:
a a a a a a a a a
a a a a a a a a a
a a a a a a a a a
Case #41:
a b b
a a b
a a a
Case #42:
a a a a a a a a a b
Case #43:
a a a a
a a a a
b b b a
b b b b
b b b b
Case #44:
a a b b
a b b b
a b b b
a b b b
Case #45:
a a a b
a a a b
b a b b
b b b b
Case #46:
a a a a a
a a a a a
a a a a a
b b b b a
Case #47:
a a a a a a
a a a a a a
a a a a a a
a a a a a a
a a a a a a
a a a a a a
a a a a a a
Case #48:
a
a
a
a
a
b
b
b
b
b
Case #49:
a a a a
a a a a
a a a a
a a a a
a a a a
a a a b
a a b b
b b b b
b b b b
b b b b
Case #50:
a a b b
a b b b
b b b b
b b b b
Case #51:
a a
a a
Case #52:
a a a a a a a a a
a a a a a a a a a
a a a a a a a a a
a a a a a a a a a
a a a a a a a a a
a a a a a a a a a
a a a a a a a a a
a a a a a a a a a
Case #53:
a a a a
a a a a
a b b b
b b b b
b b b b
b b b b
Case #54:
a a a b b b b b b
a a b b b b b b b
a a b b b b b b b
Case #55:
a a
a a
Case #56:
a a b b
a a b b
a a a b
a a a b
Case #57:
a a a a a
a a a a a
a a b b b
Case #58:
a a a a a a
a a a a a a
a a a a a a
b b a a a a
Case #59:
a a a
a b b
b b b
Case #60:
a a a
a a a
b a a
Case #61:
a a a a
b a a a
b b b a
b b b a
Case #62:
a a a a
a a b b
b b b b
b b b b
Case #63:
a a a a a a
a a a a a a
a a a b b b
b b b b b b
b b b b b b
b b b b b b
b b b b b b
Case #64:
a a a a a a a a
a a a a a a a b
a a a a a a a b
a a a a a a a b
Case #65:
a a b b
a a b b
a a b b
a a b b
Case #66:
a a a a
b a a a
b b a a
b b a a
Case #67:
a a a b
a a b b
b b b b
b b b b
Case #68:
a a a a a a a
a a a a a a a
b b b b a a a
b b b b b a a
b b b b b a a
b b b b b a a
b b b b b a a
Case #69:
a a a
a a a
a a a
a a b
a b b
b b b
b b b
Case #70:
a a b b
a b b b
b b b b
b b b b
Case #71:
a a a
a a a
a a a
a a a
a a a
Case #72:
a a a
b a a
b a a
b a a
Case #73:
a a a
a a b
a a b
Case #74:
a a
a a
Case #75:
a b b
a b b
a b b
a b b
Case #76:
a a a a
a a a a
a a b b
a b b b
a b b b
a b b b
a b b b
a b b b
a b b b
Case #77:
a a a a a a a a a
a a a a a a a a a
a a a a a a a a a
Case #78:
a b
a a
Case #79:
a b b
a b b
b b b
Case #80:
a a
a a
Case #81:
a a a a a
a a b b a
a b b b a
a b b b a
a a a a a
Case #82:
a a a a
a a a a
a a b b
a a b b
Case #83:
a a a
b b b
Case #84:
a a a a
a a a a
a a b b
b b b b
Case #85:
a a a
a a a
a a a
a b b
a b b
Case #86:
a a b b b b b b b b
a b b b b b b b b b
b b b b b b b b b b
b b b b b b b b b b
b b b b b b b b b b
b b b b b b b b b b
b b b b b b b b b b
b b b b b b b b b b
b b b b b b b b b b
b b b b b b b b b b
Case #87:
a a a a a
a a a a a
a a a a a
a a a a a
a a a a a
a a a a a
a a a a a
a a a a a
a a a a a
Case #88:
a a b
a a b
a a b
a a b
a a b
a a b
Case #89:
a a a a a a a
a a a a a a a
a a a a a a a
a a a a a a a
a a a a a a a
a a a a a a a
a a a a a a a
Case #90:
a a a
a a a
a a a
Case #91:
a b
a b
Case #92:
a a b
a b b
b b b
Case #93:
a a a a
a a a a
a a a a
b b b b
Case #94:
a b b b
a b b b
a a b b
a a b b
Case #95:
a a
a a
Case #96:
a a a a
b b b a
b b b b
b b b b
Case #97:
a a
a a
Case #98:
a a b b
a a a b
a a a b
a a a a
Case #99:
a b b b
a b b b
a a b b
a a b b
Case #100:
a a a
a a a
a a a
a a a
a a a
a a a
a a a
